<?xml version="1.0" encoding="UTF-8"?>
<!-- Generated by org.testng.reporters.JUnitXMLReporter -->
<testsuite hostname="Pritshikhas-MacBook-Air.local" ignored="0" name="shaadi" tests="1" failures="1" timestamp="2020-07-09T23:33:53 IST" time="8.699" errors="0">
  <testcase name="@AfterTest teardown" time="0.001" classname="com.base.shaadi.BaseClass">
    <failure type="java.lang.NullPointerException">
      <![CDATA[java.lang.NullPointerException
at com.base.shaadi.BaseClass.teardown(BaseClass.java:80)
... Removed 24 stack frames]]>
    </failure>
  </testcase> <!-- @AfterTest teardown -->
  <testcase name="shaadi" time="0.011" classname="tests.MyshaadiTestCase">
    <failure type="java.lang.NullPointerException">
      <![CDATA[java.lang.NullPointerException
at pages.AppLaunch.clickOnLogin(AppLaunch.java:13)
at tests.MyshaadiTestCase.shaadi(MyshaadiTestCase.java:50)
at java.util.ArrayList.forEach(ArrayList.java:1249)
... Removed 27 stack frames]]>
    </failure>
  </testcase> <!-- shaadi -->
</testsuite> <!-- shaadi -->
